<?xml version="1.0" encoding="utf-8" standalone="no"?>
<!--This file represents the results of running a test suite-->
<test-results name="D:\trainWeb\运安系统\运安系统\DbUnitTest\bin\Debug\TF.GoodManager.DbUnitTest.dll" total="1" errors="0" failures="0" not-run="0" inconclusive="0" ignored="0" skipped="0" invalid="0" date="2017-05-17" time="14:28:27">
  <environment nunit-version="2.6.4.14350" clr-version="2.0.50727.5477" os-version="Microsoft Windows NT 6.1.7601 Service Pack 1" platform="Win32NT" cwd="D:\trainWeb\运安系统\运安系统\testunit\bin\Debug" machine-name="YSZ" user="Administrator" user-domain="YSZ" />
  <culture-info current-culture="zh-CN" current-uiculture="zh-CN" />
  <test-suite type="Assembly" name="D:\trainWeb\运安系统\运安系统\DbUnitTest\bin\Debug\TF.GoodManager.DbUnitTest.dll" executed="True" result="Success" success="True" time="0.008" asserts="0">
    <results>
      <test-suite type="Namespace" name="TF" executed="True" result="Success" success="True" time="0.007" asserts="0">
        <results>
          <test-suite type="Namespace" name="GoodManager" executed="True" result="Success" success="True" time="0.006" asserts="0">
            <results>
              <test-suite type="Namespace" name="UnitTest" executed="True" result="Success" success="True" time="0.005" asserts="0">
                <results>
                  <test-suite type="TestFixture" name="DBGoodTypeTest" executed="True" result="Success" success="True" time="0.004" asserts="0">
                    <results>
                      <test-case name="TF.GoodManager.UnitTest.DBGoodTypeTest.DBGoodTypeConstructorTest" executed="True" result="Success" success="True" time="0.000" asserts="1" />
                    </results>
                  </test-suite>
                </results>
              </test-suite>
            </results>
          </test-suite>
        </results>
      </test-suite>
    </results>
  </test-suite>
</test-results>